<?xml version="1.0" encoding="utf-8"?><testsuites name="pytest tests"><testsuite name="pytest" errors="0" failures="0" skipped="0" tests="8" time="1.569" timestamp="2026-07-02T04:48:24.001084+00:00" hostname="agent-env-c5210146-a6d3-4c63-bace-348f0900facc"><testcase classname="tests.test_contact_api" name="test_health" time="0.247" /><testcase classname="tests.test_contact_api" name="test_contact_valid_full_payload" time="0.209" /><testcase classname="tests.test_contact_api" name="test_contact_valid_bookcall_payload" time="0.081" /><testcase classname="tests.test_contact_api" name="test_contact_invalid_email" time="0.065" /><testcase classname="tests.test_contact_api" name="test_contact_missing_name" time="0.081" /><testcase classname="tests.test_contact_api" name="test_contact_missing_message" time="0.061" /><testcase classname="tests.test_contact_api" name="test_list_contacts" time="0.077" /><testcase classname="tests.test_contact_api" name="test_status_create_and_list" time="0.154" /></testsuite></testsuites>